::ffff:127.0.0.1 - - [20/May/2020:01:08:59 +0000] "POST /users HTTP/1.1" 500 1366 "-" "PostmanRuntime/7.24.1"
::1 - - [20/May/2020:01:09:42 +0000] "POST /users HTTP/1.1" 200 28 "-" "PostmanRuntime/7.24.1"
::1 - - [20/May/2020:01:09:49 +0000] "POST /users/login HTTP/1.1" 500 16 "-" "PostmanRuntime/7.24.1"
::1 - - [20/May/2020:01:15:50 +0000] "POST /users/login HTTP/1.1" 500 16 "-" "PostmanRuntime/7.24.1"
::1 - - [20/May/2020:01:15:56 +0000] "POST /users HTTP/1.1" 200 28 "-" "PostmanRuntime/7.24.1"
::1 - - [20/May/2020:01:17:48 +0000] "POST /users HTTP/1.1" 200 28 "-" "PostmanRuntime/7.24.1"
::1 - - [20/May/2020:01:30:52 +0000] "POST /users HTTP/1.1" - - "-" "PostmanRuntime/7.24.1"
::1 - - [20/May/2020:01:31:51 +0000] "POST /users HTTP/1.1" - - "-" "PostmanRuntime/7.24.1"
::1 - - [20/May/2020:01:33:25 +0000] "POST /users HTTP/1.1" - - "-" "PostmanRuntime/7.24.1"
::ffff:127.0.0.1 - - [20/May/2020:01:41:25 +0000] "POST /users HTTP/1.1" 500 1360 "-" "PostmanRuntime/7.24.1"
::1 - - [20/May/2020:01:46:44 +0000] "POST /users HTTP/1.1" 500 1360 "-" "PostmanRuntime/7.24.1"
::ffff:127.0.0.1 - - [20/May/2020:01:47:44 +0000] "POST /users HTTP/1.1" 500 1360 "-" "PostmanRuntime/7.24.1"
::1 - - [20/May/2020:01:48:33 +0000] "POST /users HTTP/1.1" 200 29 "-" "PostmanRuntime/7.24.1"
::1 - - [20/May/2020:01:48:45 +0000] "POST /users/login HTTP/1.1" 200 141 "-" "PostmanRuntime/7.24.1"
::1 - - [20/May/2020:01:49:48 +0000] "POST /books HTTP/1.1" 200 29 "-" "PostmanRuntime/7.24.1"
::1 - - [20/May/2020:01:52:19 +0000] "POST /books HTTP/1.1" 200 41 "-" "PostmanRuntime/7.24.1"
::ffff:127.0.0.1 - - [20/May/2020:01:53:08 +0000] "POST /books HTTP/1.1" 500 1338 "-" "PostmanRuntime/7.24.1"
::1 - - [20/May/2020:01:55:12 +0000] "POST /books HTTP/1.1" 500 1338 "-" "PostmanRuntime/7.24.1"
::1 - - [20/May/2020:01:55:17 +0000] "POST /books HTTP/1.1" 500 1338 "-" "PostmanRuntime/7.24.1"
::1 - - [20/May/2020:01:55:48 +0000] "POST /books HTTP/1.1" 200 41 "-" "PostmanRuntime/7.24.1"
::1 - - [20/May/2020:01:59:40 +0000] "POST /books HTTP/1.1" 500 1342 "-" "PostmanRuntime/7.24.1"
::1 - - [20/May/2020:02:00:16 +0000] "POST /books HTTP/1.1" 200 42 "-" "PostmanRuntime/7.24.1"
::1 - - [20/May/2020:02:00:22 +0000] "GET / HTTP/1.1" 200 61 "-" "PostmanRuntime/7.24.1"
::1 - - [20/May/2020:02:01:15 +0000] "GET / HTTP/1.1" 200 8 "-" "PostmanRuntime/7.24.1"
::1 - - [20/May/2020:02:01:16 +0000] "GET / HTTP/1.1" 200 8 "-" "PostmanRuntime/7.24.1"
::1 - - [20/May/2020:02:01:20 +0000] "POST /books HTTP/1.1" 200 42 "-" "PostmanRuntime/7.24.1"
::1 - - [20/May/2020:02:01:23 +0000] "GET / HTTP/1.1" 200 60 "-" "PostmanRuntime/7.24.1"
::1 - - [20/May/2020:02:02:06 +0000] "POST /books HTTP/1.1" 200 42 "-" "PostmanRuntime/7.24.1"
::1 - - [20/May/2020:02:02:09 +0000] "GET / HTTP/1.1" 200 63 "-" "PostmanRuntime/7.24.1"
::1 - - [20/May/2020:02:02:27 +0000] "GET /books/0 HTTP/1.1" 200 18 "-" "PostmanRuntime/7.24.1"
::1 - - [20/May/2020:02:06:02 +0000] "GET /books/0 HTTP/1.1" 200 9 "-" "PostmanRuntime/7.24.1"
::1 - - [20/May/2020:02:06:06 +0000] "POST /books HTTP/1.1" 200 42 "-" "PostmanRuntime/7.24.1"
::1 - - [20/May/2020:02:06:10 +0000] "GET / HTTP/1.1" 200 63 "-" "PostmanRuntime/7.24.1"
::1 - - [20/May/2020:02:06:13 +0000] "GET /books/0 HTTP/1.1" 200 9 "-" "PostmanRuntime/7.24.1"
::1 - - [20/May/2020:02:14:08 +0000] "POST /books HTTP/1.1" 200 42 "-" "PostmanRuntime/7.24.1"
::1 - - [20/May/2020:02:14:11 +0000] "GET / HTTP/1.1" 200 63 "-" "PostmanRuntime/7.24.1"
::1 - - [20/May/2020:02:14:14 +0000] "GET /books/0 HTTP/1.1" 500 1350 "-" "PostmanRuntime/7.24.1"
::1 - - [20/May/2020:02:15:54 +0000] "POST /books HTTP/1.1" 200 42 "-" "PostmanRuntime/7.24.1"
::1 - - [20/May/2020:02:15:57 +0000] "GET / HTTP/1.1" 200 63 "-" "PostmanRuntime/7.24.1"
::1 - - [20/May/2020:02:16:01 +0000] "GET /books/0 HTTP/1.1" 500 1350 "-" "PostmanRuntime/7.24.1"
::1 - - [20/May/2020:02:17:16 +0000] "GET /books/0 HTTP/1.1" 200 18 "-" "PostmanRuntime/7.24.1"
::1 - - [20/May/2020:02:17:24 +0000] "POST /books HTTP/1.1" 200 42 "-" "PostmanRuntime/7.24.1"
::1 - - [20/May/2020:02:17:26 +0000] "GET / HTTP/1.1" 200 63 "-" "PostmanRuntime/7.24.1"
::1 - - [20/May/2020:02:17:29 +0000] "GET /books/0 HTTP/1.1" 200 24 "-" "PostmanRuntime/7.24.1"
::1 - - [20/May/2020:02:18:58 +0000] "POST /books HTTP/1.1" 200 42 "-" "PostmanRuntime/7.24.1"
::1 - - [20/May/2020:02:19:01 +0000] "GET / HTTP/1.1" 200 63 "-" "PostmanRuntime/7.24.1"
::1 - - [20/May/2020:02:19:04 +0000] "GET /books/0 HTTP/1.1" 500 1321 "-" "PostmanRuntime/7.24.1"
::1 - - [20/May/2020:02:19:28 +0000] "POST /books HTTP/1.1" 200 42 "-" "PostmanRuntime/7.24.1"
::1 - - [20/May/2020:02:19:32 +0000] "GET /books/0 HTTP/1.1" 500 1321 "-" "PostmanRuntime/7.24.1"
::1 - - [20/May/2020:02:20:11 +0000] "POST /books HTTP/1.1" 200 42 "-" "PostmanRuntime/7.24.1"
::1 - - [20/May/2020:02:20:13 +0000] "GET /books/0 HTTP/1.1" 200 18 "-" "PostmanRuntime/7.24.1"
::1 - - [20/May/2020:02:22:16 +0000] "POST /books HTTP/1.1" 200 42 "-" "PostmanRuntime/7.24.1"
::1 - - [20/May/2020:02:22:18 +0000] "GET /books/0 HTTP/1.1" 200 18 "-" "PostmanRuntime/7.24.1"
::ffff:127.0.0.1 - - [20/May/2020:02:26:26 +0000] "POST /books HTTP/1.1" 200 42 "-" "PostmanRuntime/7.24.1"
::ffff:127.0.0.1 - - [20/May/2020:02:26:29 +0000] "GET /books/0 HTTP/1.1" 200 24 "-" "PostmanRuntime/7.24.1"
::1 - - [20/May/2020:02:27:09 +0000] "POST /books HTTP/1.1" 200 42 "-" "PostmanRuntime/7.24.1"
::1 - - [20/May/2020:02:27:12 +0000] "GET /books/0 HTTP/1.1" 500 1318 "-" "PostmanRuntime/7.24.1"
::1 - - [20/May/2020:02:28:22 +0000] "POST /books HTTP/1.1" 200 42 "-" "PostmanRuntime/7.24.1"
::1 - - [20/May/2020:02:28:25 +0000] "GET /books/0 HTTP/1.1" 500 1253 "-" "PostmanRuntime/7.24.1"
::1 - - [20/May/2020:02:30:12 +0000] "POST /books HTTP/1.1" 200 42 "-" "PostmanRuntime/7.24.1"
::1 - - [20/May/2020:02:30:14 +0000] "GET /books/0 HTTP/1.1" 200 33 "-" "PostmanRuntime/7.24.1"
::1 - - [20/May/2020:02:34:00 +0000] "POST /books HTTP/1.1" 200 42 "-" "PostmanRuntime/7.24.1"
::1 - - [20/May/2020:02:34:02 +0000] "GET /books/0 HTTP/1.1" 500 1344 "-" "PostmanRuntime/7.24.1"
::1 - - [20/May/2020:02:34:23 +0000] "POST /books HTTP/1.1" 200 42 "-" "PostmanRuntime/7.24.1"
::1 - - [20/May/2020:02:34:25 +0000] "GET /books/0 HTTP/1.1" 200 24 "-" "PostmanRuntime/7.24.1"
::1 - - [20/May/2020:02:38:11 +0000] "POST /books HTTP/1.1" 200 42 "-" "PostmanRuntime/7.24.1"
::1 - - [20/May/2020:02:38:14 +0000] "GET /books/0 HTTP/1.1" 500 1300 "-" "PostmanRuntime/7.24.1"
::1 - - [20/May/2020:02:39:47 +0000] "POST /books HTTP/1.1" 200 42 "-" "PostmanRuntime/7.24.1"
::1 - - [20/May/2020:02:39:49 +0000] "GET /books/0 HTTP/1.1" 200 18 "-" "PostmanRuntime/7.24.1"
::1 - - [20/May/2020:02:40:53 +0000] "POST /books HTTP/1.1" 200 42 "-" "PostmanRuntime/7.24.1"
::1 - - [20/May/2020:02:40:56 +0000] "GET /books/0 HTTP/1.1" 200 18 "-" "PostmanRuntime/7.24.1"
::1 - - [20/May/2020:02:47:14 +0000] "POST /books HTTP/1.1" 200 42 "-" "PostmanRuntime/7.24.1"
::1 - - [20/May/2020:02:47:17 +0000] "GET /books/0 HTTP/1.1" 200 18 "-" "PostmanRuntime/7.24.1"
::1 - - [20/May/2020:02:47:57 +0000] "POST /books HTTP/1.1" 200 42 "-" "PostmanRuntime/7.24.1"
::1 - - [20/May/2020:02:48:00 +0000] "GET /books/0 HTTP/1.1" 200 10 "-" "PostmanRuntime/7.24.1"
::1 - - [20/May/2020:02:48:53 +0000] "POST /books HTTP/1.1" 200 42 "-" "PostmanRuntime/7.24.1"
::1 - - [20/May/2020:02:48:55 +0000] "GET /books/0 HTTP/1.1" 200 9 "-" "PostmanRuntime/7.24.1"
::1 - - [20/May/2020:02:49:00 +0000] "POST /books HTTP/1.1" 200 41 "-" "PostmanRuntime/7.24.1"
::1 - - [20/May/2020:02:49:03 +0000] "GET / HTTP/1.1" 200 63 "-" "PostmanRuntime/7.24.1"
::1 - - [20/May/2020:02:49:06 +0000] "POST /books HTTP/1.1" 200 41 "-" "PostmanRuntime/7.24.1"
::1 - - [20/May/2020:02:51:10 +0000] "POST /books HTTP/1.1" 200 42 "-" "PostmanRuntime/7.24.1"
::1 - - [20/May/2020:02:51:14 +0000] "GET /books/0 HTTP/1.1" 200 9 "-" "PostmanRuntime/7.24.1"
::1 - - [20/May/2020:02:53:44 +0000] "POST /books HTTP/1.1" 200 42 "-" "PostmanRuntime/7.24.1"
::1 - - [20/May/2020:02:53:46 +0000] "GET /books/0 HTTP/1.1" 200 9 "-" "PostmanRuntime/7.24.1"
::1 - - [20/May/2020:02:55:25 +0000] "POST /books HTTP/1.1" 200 42 "-" "PostmanRuntime/7.24.1"
::1 - - [20/May/2020:02:55:28 +0000] "GET /books/0 HTTP/1.1" 500 1321 "-" "PostmanRuntime/7.24.1"
::1 - - [20/May/2020:02:56:05 +0000] "POST /books HTTP/1.1" 200 42 "-" "PostmanRuntime/7.24.1"
::1 - - [20/May/2020:02:56:07 +0000] "GET /books/0 HTTP/1.1" 500 1321 "-" "PostmanRuntime/7.24.1"
::1 - - [20/May/2020:03:00:03 +0000] "POST /books HTTP/1.1" 200 42 "-" "PostmanRuntime/7.24.1"
::1 - - [20/May/2020:03:00:05 +0000] "GET /books/0 HTTP/1.1" 200 9 "-" "PostmanRuntime/7.24.1"
::1 - - [20/May/2020:03:02:02 +0000] "POST /books HTTP/1.1" 200 42 "-" "PostmanRuntime/7.24.1"
::1 - - [20/May/2020:03:02:04 +0000] "GET /books/0 HTTP/1.1" 200 18 "-" "PostmanRuntime/7.24.1"
::1 - - [20/May/2020:03:03:09 +0000] "POST /books HTTP/1.1" 200 42 "-" "PostmanRuntime/7.24.1"
::1 - - [20/May/2020:03:03:11 +0000] "GET /books/0 HTTP/1.1" 200 18 "-" "PostmanRuntime/7.24.1"
::1 - - [20/May/2020:03:04:32 +0000] "POST /books HTTP/1.1" 200 42 "-" "PostmanRuntime/7.24.1"
::1 - - [20/May/2020:03:04:34 +0000] "GET /books/0 HTTP/1.1" 200 9 "-" "PostmanRuntime/7.24.1"
::1 - - [20/May/2020:03:04:58 +0000] "POST /books HTTP/1.1" 200 42 "-" "PostmanRuntime/7.24.1"
::1 - - [20/May/2020:03:05:00 +0000] "GET /books/0 HTTP/1.1" 200 9 "-" "PostmanRuntime/7.24.1"
::1 - - [20/May/2020:03:06:56 +0000] "POST /books HTTP/1.1" 200 42 "-" "PostmanRuntime/7.24.1"
::1 - - [20/May/2020:03:06:58 +0000] "GET /books/0 HTTP/1.1" 200 9 "-" "PostmanRuntime/7.24.1"
::1 - - [20/May/2020:03:55:30 +0000] "POST /books HTTP/1.1" 200 42 "-" "PostmanRuntime/7.24.1"
::1 - - [20/May/2020:03:55:44 +0000] "GET /books/0 HTTP/1.1" 200 0 "-" "PostmanRuntime/7.24.1"
::1 - - [20/May/2020:03:56:34 +0000] "POST /books HTTP/1.1" 200 41 "-" "PostmanRuntime/7.24.1"
::1 - - [20/May/2020:03:56:39 +0000] "GET /books/0 HTTP/1.1" 200 0 "-" "PostmanRuntime/7.24.1"
::1 - - [20/May/2020:03:56:42 +0000] "POST /books HTTP/1.1" 200 41 "-" "PostmanRuntime/7.24.1"
::1 - - [20/May/2020:03:57:11 +0000] "POST /books HTTP/1.1" 200 42 "-" "PostmanRuntime/7.24.1"
::1 - - [20/May/2020:03:57:14 +0000] "GET /books/0 HTTP/1.1" 200 0 "-" "PostmanRuntime/7.24.1"
::1 - - [20/May/2020:03:59:02 +0000] "POST /books HTTP/1.1" 200 42 "-" "PostmanRuntime/7.24.1"
::1 - - [20/May/2020:03:59:05 +0000] "GET /books/0 HTTP/1.1" 200 0 "-" "PostmanRuntime/7.24.1"
::1 - - [20/May/2020:04:00:30 +0000] "POST /books HTTP/1.1" 200 42 "-" "PostmanRuntime/7.24.1"
::1 - - [20/May/2020:04:00:33 +0000] "GET /books/0 HTTP/1.1" 200 15 "-" "PostmanRuntime/7.24.1"
::1 - - [20/May/2020:04:02:49 +0000] "POST /books HTTP/1.1" 200 42 "-" "PostmanRuntime/7.24.1"
::1 - - [20/May/2020:04:02:52 +0000] "GET /books/0 HTTP/1.1" 200 15 "-" "PostmanRuntime/7.24.1"
::1 - - [20/May/2020:04:05:14 +0000] "POST /books HTTP/1.1" 200 42 "-" "PostmanRuntime/7.24.1"
::1 - - [20/May/2020:04:05:17 +0000] "GET /books/0 HTTP/1.1" 200 50 "-" "PostmanRuntime/7.24.1"
::1 - - [20/May/2020:04:05:18 +0000] "GET /books/0 HTTP/1.1" 200 50 "-" "PostmanRuntime/7.24.1"
::1 - - [20/May/2020:04:06:02 +0000] "POST /books HTTP/1.1" 200 42 "-" "PostmanRuntime/7.24.1"
::1 - - [20/May/2020:04:06:05 +0000] "GET /books/0 HTTP/1.1" 200 67 "-" "PostmanRuntime/7.24.1"
::ffff:127.0.0.1 - - [23/May/2020:02:48:46 +0000] "POST /api/users HTTP/1.1" 404 149 "-" "PostmanRuntime/7.24.1"
::ffff:127.0.0.1 - - [23/May/2020:02:54:32 +0000] "POST /api/users HTTP/1.1" 404 149 "-" "PostmanRuntime/7.24.1"
::1 - - [23/May/2020:03:06:57 +0000] "POST /api/users HTTP/1.1" 404 149 "-" "PostmanRuntime/7.24.1"
::1 - - [23/May/2020:03:07:35 +0000] "POST /api/users HTTP/1.1" 404 149 "-" "PostmanRuntime/7.24.1"
::1 - - [23/May/2020:03:12:32 +0000] "GET /api/ HTTP/1.1" 404 143 "-" "PostmanRuntime/7.24.1"
::1 - - [23/May/2020:03:19:18 +0000] "POST /api/users HTTP/1.1" 404 149 "-" "PostmanRuntime/7.24.1"
::1 - - [23/May/2020:03:19:46 +0000] "POST /api/users/login HTTP/1.1" 404 155 "-" "PostmanRuntime/7.24.1"
::1 - - [23/May/2020:03:25:52 +0000] "POST /api/users HTTP/1.1" 404 149 "-" "PostmanRuntime/7.24.1"
::1 - - [23/May/2020:03:26:31 +0000] "GET /api/users HTTP/1.1" 404 148 "-" "Mozilla/5.0 (Windows NT 10.0; Win64; x64) AppleWebKit/537.36 (KHTML, like Gecko) Chrome/81.0.4044.138 Safari/537.36"
::1 - - [23/May/2020:03:32:31 +0000] "POST /api/users HTTP/1.1" 404 149 "-" "PostmanRuntime/7.24.1"
::1 - - [23/May/2020:03:33:41 +0000] "POST /api/users HTTP/1.1" 404 149 "-" "PostmanRuntime/7.24.1"
::1 - - [23/May/2020:03:38:43 +0000] "POST /users HTTP/1.1" 404 145 "-" "PostmanRuntime/7.24.1"
::1 - - [23/May/2020:03:38:54 +0000] "POST /api/users HTTP/1.1" 404 149 "-" "PostmanRuntime/7.24.1"
::1 - - [23/May/2020:03:50:42 +0000] "POST /api/users HTTP/1.1" 404 149 "-" "PostmanRuntime/7.24.1"
::1 - - [23/May/2020:04:00:17 +0000] "POST /api/users HTTP/1.1" 404 149 "-" "PostmanRuntime/7.24.1"
::1 - - [23/May/2020:04:00:21 +0000] "POST /api/users HTTP/1.1" 404 149 "-" "PostmanRuntime/7.24.1"
::1 - - [23/May/2020:04:02:50 +0000] "POST /api/users HTTP/1.1" 404 149 "-" "PostmanRuntime/7.24.1"
::ffff:127.0.0.1 - - [23/May/2020:04:29:25 +0000] "POST /api/users HTTP/1.1" 404 149 "-" "PostmanRuntime/7.24.1"
::1 - - [23/May/2020:04:29:41 +0000] "POST /api/users HTTP/1.1" 404 149 "-" "PostmanRuntime/7.24.1"
::1 - - [23/May/2020:04:35:25 +0000] "POST /api/users HTTP/1.1" 404 149 "-" "PostmanRuntime/7.24.1"
::1 - - [23/May/2020:04:40:44 +0000] "GET /api/users HTTP/1.1" 404 148 "-" "Mozilla/5.0 (Windows NT 10.0; Win64; x64) AppleWebKit/537.36 (KHTML, like Gecko) Chrome/81.0.4044.138 Safari/537.36"
::1 - - [23/May/2020:04:42:01 +0000] "GET /api/users HTTP/1.1" 404 148 "-" "Mozilla/5.0 (Windows NT 10.0; Win64; x64) AppleWebKit/537.36 (KHTML, like Gecko) Chrome/81.0.4044.138 Safari/537.36"
::1 - - [23/May/2020:04:42:06 +0000] "GET /api/users HTTP/1.1" 404 148 "-" "Mozilla/5.0 (Windows NT 10.0; Win64; x64) AppleWebKit/537.36 (KHTML, like Gecko) Chrome/81.0.4044.138 Safari/537.36"
::1 - - [01/Jun/2020:21:47:11 +0000] "POST /api/users HTTP/1.1" 500 1513 "-" "PostmanRuntime/7.24.1"
::1 - - [01/Jun/2020:21:51:40 +0000] "POST /api/users HTTP/1.1" 500 1513 "-" "PostmanRuntime/7.24.1"
::1 - - [01/Jun/2020:21:51:42 +0000] "POST /api/users HTTP/1.1" 500 1513 "-" "PostmanRuntime/7.24.1"
::1 - - [01/Jun/2020:21:51:47 +0000] "GET /api/ HTTP/1.1" 404 143 "-" "PostmanRuntime/7.24.1"
::1 - - [01/Jun/2020:21:52:02 +0000] "POST /api/users HTTP/1.1" 500 1513 "-" "PostmanRuntime/7.24.1"
::1 - - [01/Jun/2020:22:01:27 +0000] "POST /api/users HTTP/1.1" 500 1496 "-" "PostmanRuntime/7.24.1"
::1 - - [01/Jun/2020:23:58:24 +0000] "POST /api/users HTTP/1.1" 200 29 "-" "PostmanRuntime/7.24.1"
::1 - - [01/Jun/2020:23:58:49 +0000] "POST /api/users/login HTTP/1.1" 200 141 "-" "PostmanRuntime/7.24.1"
::1 - - [02/Jun/2020:00:01:10 +0000] "POST /api/books HTTP/1.1" 500 21 "-" "PostmanRuntime/7.24.1"
::1 - - [02/Jun/2020:00:01:17 +0000] "POST /api/books HTTP/1.1" 500 21 "-" "PostmanRuntime/7.24.1"
::1 - - [02/Jun/2020:00:01:34 +0000] "POST /api/books HTTP/1.1" 500 21 "-" "PostmanRuntime/7.24.1"
::1 - - [02/Jun/2020:00:01:42 +0000] "POST /api/users HTTP/1.1" 200 28 "-" "PostmanRuntime/7.24.1"
::1 - - [02/Jun/2020:00:02:55 +0000] "POST /api/users HTTP/1.1" 200 29 "-" "PostmanRuntime/7.24.1"
::1 - - [02/Jun/2020:00:02:58 +0000] "POST /api/users/login HTTP/1.1" 200 141 "-" "PostmanRuntime/7.24.1"
::1 - - [02/Jun/2020:00:03:12 +0000] "POST /api/books HTTP/1.1" 500 21 "-" "PostmanRuntime/7.24.1"
::1 - - [02/Jun/2020:00:03:30 +0000] "GET /api/ HTTP/1.1" 404 143 "-" "PostmanRuntime/7.24.1"
::1 - - [02/Jun/2020:00:03:44 +0000] "POST /api/books HTTP/1.1" 500 21 "-" "PostmanRuntime/7.24.1"
::1 - - [02/Jun/2020:00:03:48 +0000] "GET /api/ HTTP/1.1" 404 143 "-" "PostmanRuntime/7.24.1"
::1 - - [02/Jun/2020:00:04:04 +0000] "GET /api/books/0 HTTP/1.1" 500 1499 "-" "PostmanRuntime/7.24.1"
::1 - - [02/Jun/2020:00:07:15 +0000] "POST /api/users HTTP/1.1" 200 29 "-" "PostmanRuntime/7.24.1"
::1 - - [02/Jun/2020:00:07:20 +0000] "POST /api/users/login HTTP/1.1" 200 141 "-" "PostmanRuntime/7.24.1"
::1 - - [02/Jun/2020:00:07:34 +0000] "POST /api/books HTTP/1.1" 500 21 "-" "PostmanRuntime/7.24.1"
::1 - - [02/Jun/2020:00:09:42 +0000] "POST /api/users HTTP/1.1" 200 29 "-" "PostmanRuntime/7.24.1"
::1 - - [02/Jun/2020:00:09:45 +0000] "POST /api/users/login HTTP/1.1" 200 141 "-" "PostmanRuntime/7.24.1"
::1 - - [02/Jun/2020:00:09:58 +0000] "POST /api/books HTTP/1.1" 200 42 "-" "PostmanRuntime/7.24.1"
::1 - - [02/Jun/2020:00:10:03 +0000] "GET /api/books/0 HTTP/1.1" 200 67 "-" "PostmanRuntime/7.24.1"
::1 - - [02/Jun/2020:00:10:08 +0000] "GET /api/ HTTP/1.1" 404 143 "-" "PostmanRuntime/7.24.1"
